<?xml version="1.0" encoding="UTF-8"?>
<!-- Generated by org.testng.reporters.JUnitReportReporter -->
<testsuite hostname="LAPTOP-8A88OLS9" failures="0" tests="1" name="com.Actitime.Testscript.Assert" time="33.209" errors="0" timestamp="2023-02-21T09:16:27 IST" skipped="0">
  <testcase classname="com.Actitime.Testscript.Assert" name="demoassertion" time="33.209"/>
  <system-out/>
</testsuite> <!-- com.Actitime.Testscript.Assert -->
